<?xml version="1.0" encoding="UTF-8"?>
<testng-results ignored="0" total="2" passed="2" failed="0" skipped="0">
  <reporter-output>
  </reporter-output>
  <suite started-at="2024-02-12T14:26:46 IST" name="Default suite" finished-at="2024-02-12T14:27:20 IST" duration-ms="34092">
    <groups>
    </groups>
    <test started-at="2024-02-12T14:26:46 IST" name="Default test" finished-at="2024-02-12T14:27:20 IST" duration-ms="34092">
      <class name="utilities.ITListener">
        <test-method is-config="true" signature="beforeClass()[pri:0, instance:utilities.ITListener@3e8c3cb]" started-at="2024-02-12T14:26:46 IST" name="beforeClass" finished-at="2024-02-12T14:27:11 IST" duration-ms="25729" status="PASS">
          <reporter-output>
          </reporter-output>
        </test-method> <!-- beforeClass -->
        <test-method signature="testSearch1()[pri:0, instance:utilities.ITListener@3e8c3cb]" started-at="2024-02-12T14:27:12 IST" name="testSearch1" description="Search for computers" finished-at="2024-02-12T14:27:15 IST" duration-ms="3784" status="PASS">
          <reporter-output>
          </reporter-output>
        </test-method> <!-- testSearch1 -->
        <test-method signature="testSearch2()[pri:0, instance:utilities.ITListener@3e8c3cb]" started-at="2024-02-12T14:27:15 IST" name="testSearch2" description="Search for Electronics" finished-at="2024-02-12T14:27:19 IST" duration-ms="3359" status="PASS">
          <reporter-output>
          </reporter-output>
        </test-method> <!-- testSearch2 -->
        <test-method is-config="true" signature="tearDown()[pri:0, instance:utilities.ITListener@3e8c3cb]" started-at="2024-02-12T14:27:19 IST" name="tearDown" finished-at="2024-02-12T14:27:20 IST" duration-ms="1110" status="PASS">
          <reporter-output>
          </reporter-output>
        </test-method> <!-- tearDown -->
      </class> <!-- utilities.ITListener -->
    </test> <!-- Default test -->
  </suite> <!-- Default suite -->
</testng-results>
